<?xml version="1.0" encoding="UTF-8"?>
<!-- Generated by org.testng.reporters.JUnitReportReporter -->
<testsuite hostname="DESKTOP-FHDNG65" failures="0" tests="1" name="testCases.Test_Registration" time="1.705" errors="0" timestamp="2025-02-21T14:41:49 IST" skipped="0">
  <testcase classname="testCases.Test_Registration" name="test_reg" time="1.705"/>
</testsuite> <!-- testCases.Test_Registration -->
